2025-11-13 18:27:09 -03:00: 
2025-11-13 18:27:09 -03:00: > atend-website@0.1.0 start
2025-11-13 18:27:09 -03:00: > next start
2025-11-13 18:27:09 -03:00: 
2025-11-13 18:27:10 -03:00:    ▲ Next.js 16.0.3
2025-11-13 18:27:10 -03:00:    - Local:         http://localhost:3000
2025-11-13 18:27:10 -03:00:    - Network:       http://192.168.1.4:3000
2025-11-13 18:27:10 -03:00: 
2025-11-13 18:27:10 -03:00:  ✓ Starting...
2025-11-13 18:27:10 -03:00:  ✓ Ready in 269ms
2025-11-13 18:29:09 -03:00: 
2025-11-13 18:29:09 -03:00: > atend-website@0.1.0 start:pm2
2025-11-13 18:29:09 -03:00: > npm run build && npm start
2025-11-13 18:29:09 -03:00: 
2025-11-13 18:29:09 -03:00: 
2025-11-13 18:29:09 -03:00: > atend-website@0.1.0 build
2025-11-13 18:29:09 -03:00: > next build
2025-11-13 18:29:09 -03:00: 
2025-11-13 18:29:09 -03:00:    ▲ Next.js 16.0.3 (Turbopack)
2025-11-13 18:29:09 -03:00: 
2025-11-13 18:29:09 -03:00:    Creating an optimized production build ...
2025-11-13 18:29:11 -03:00:  ✓ Compiled successfully in 1714.8ms
2025-11-13 18:29:11 -03:00:    Running TypeScript ...
2025-11-13 18:29:13 -03:00:    Collecting page data using 11 workers ...
2025-11-13 18:29:13 -03:00:    Generating static pages using 11 workers (0/5) ...
2025-11-13 18:29:14 -03:00:    Generating static pages using 11 workers (1/5) 
2025-11-13 18:29:14 -03:00:    Generating static pages using 11 workers (2/5) 
2025-11-13 18:29:14 -03:00:    Generating static pages using 11 workers (3/5) 
2025-11-13 18:29:14 -03:00:  ✓ Generating static pages using 11 workers (5/5) in 430.0ms
2025-11-13 18:29:14 -03:00:    Finalizing page optimization ...
2025-11-13 18:29:14 -03:00: 
2025-11-13 18:29:14 -03:00: Route (app)
2025-11-13 18:29:14 -03:00: ┌ ○ /
2025-11-13 18:29:14 -03:00: ├ ○ /_not-found
2025-11-13 18:29:14 -03:00: ├ ○ /home
2025-11-13 18:29:14 -03:00: └ ○ /icon.png
2025-11-13 18:29:14 -03:00: 
2025-11-13 18:29:14 -03:00: 
2025-11-13 18:29:14 -03:00: ○  (Static)  prerendered as static content
2025-11-13 18:29:14 -03:00: 
2025-11-13 18:29:14 -03:00: 
2025-11-13 18:29:14 -03:00: > atend-website@0.1.0 start
2025-11-13 18:29:14 -03:00: > next start
2025-11-13 18:29:14 -03:00: 
2025-11-13 18:29:14 -03:00:    ▲ Next.js 16.0.3
2025-11-13 18:29:14 -03:00:    - Local:         http://localhost:3000
2025-11-13 18:29:14 -03:00:    - Network:       http://192.168.1.4:3000
2025-11-13 18:29:14 -03:00: 
2025-11-13 18:29:14 -03:00:  ✓ Starting...
2025-11-13 18:29:15 -03:00:  ✓ Ready in 328ms
2025-11-13 19:24:31 -03:00: 
2025-11-13 19:24:31 -03:00: > atend-website@0.1.0 start:pm2
2025-11-13 19:24:31 -03:00: > npm run build && npm start
2025-11-13 19:24:31 -03:00: 
2025-11-13 19:24:31 -03:00: 
2025-11-13 19:24:31 -03:00: > atend-website@0.1.0 build
2025-11-13 19:24:31 -03:00: > next build
2025-11-13 19:24:31 -03:00: 
2025-11-13 19:24:32 -03:00:    ▲ Next.js 16.0.3 (Turbopack)
2025-11-13 19:24:32 -03:00: 
2025-11-13 19:24:32 -03:00:    Creating an optimized production build ...
2025-11-13 19:24:35 -03:00:  ✓ Compiled successfully in 3.1s
2025-11-13 19:24:35 -03:00:    Running TypeScript ...
2025-11-13 19:24:54 -03:00: 
2025-11-13 19:24:54 -03:00: > atend-website@0.1.0 start:pm2
2025-11-13 19:24:54 -03:00: > npm run build && npm start
2025-11-13 19:24:54 -03:00: 
2025-11-13 19:24:54 -03:00: 
2025-11-13 19:24:54 -03:00: > atend-website@0.1.0 build
2025-11-13 19:24:54 -03:00: > next build
2025-11-13 19:24:54 -03:00: 
2025-11-13 19:24:54 -03:00:    ▲ Next.js 16.0.3 (Turbopack)
2025-11-13 19:24:54 -03:00: 
2025-11-13 19:24:54 -03:00:    Creating an optimized production build ...
2025-11-13 19:24:58 -03:00:  ✓ Compiled successfully in 3.4s
2025-11-13 19:24:58 -03:00:    Running TypeScript ...
2025-11-13 19:25:00 -03:00:    Collecting page data using 11 workers ...
2025-11-13 19:25:01 -03:00:    Generating static pages using 11 workers (0/5) ...
2025-11-13 19:25:02 -03:00:    Generating static pages using 11 workers (1/5) 
2025-11-13 19:25:02 -03:00:    Generating static pages using 11 workers (2/5) 
2025-11-13 19:25:02 -03:00:    Generating static pages using 11 workers (3/5) 
2025-11-13 19:25:02 -03:00:  ✓ Generating static pages using 11 workers (5/5) in 602.6ms
2025-11-13 19:25:02 -03:00:    Finalizing page optimization ...
2025-11-13 19:25:02 -03:00: 
2025-11-13 19:25:02 -03:00: Route (app)
2025-11-13 19:25:02 -03:00: ┌ ○ /
2025-11-13 19:25:02 -03:00: ├ ○ /_not-found
2025-11-13 19:25:02 -03:00: ├ ○ /home
2025-11-13 19:25:02 -03:00: └ ○ /icon.png
2025-11-13 19:25:02 -03:00: 
2025-11-13 19:25:02 -03:00: 
2025-11-13 19:25:02 -03:00: ○  (Static)  prerendered as static content
2025-11-13 19:25:02 -03:00: 
2025-11-13 19:25:02 -03:00: 
2025-11-13 19:25:02 -03:00: > atend-website@0.1.0 start
2025-11-13 19:25:02 -03:00: > next start
2025-11-13 19:25:02 -03:00: 
2025-11-13 19:25:03 -03:00:    ▲ Next.js 16.0.3
2025-11-13 19:25:03 -03:00:    - Local:         http://localhost:3000
2025-11-13 19:25:03 -03:00:    - Network:       http://192.168.1.4:3000
2025-11-13 19:25:03 -03:00: 
2025-11-13 19:25:03 -03:00:  ✓ Starting...
2025-11-13 19:25:03 -03:00:  ✓ Ready in 411ms
2025-11-13 19:25:29 -03:00: 
2025-11-13 19:25:29 -03:00: > atend-website@0.1.0 start:pm2
2025-11-13 19:25:29 -03:00: > npm i &&npm run build && npm start
2025-11-13 19:25:29 -03:00: 
2025-11-13 19:25:38 -03:00: 
2025-11-13 19:25:38 -03:00: added 391 packages, and audited 392 packages in 9s
2025-11-13 19:25:38 -03:00: 
2025-11-13 19:25:38 -03:00: 147 packages are looking for funding
2025-11-13 19:25:38 -03:00:   run `npm fund` for details
2025-11-13 19:25:38 -03:00: 
2025-11-13 19:25:38 -03:00: found 0 vulnerabilities
2025-11-13 19:25:38 -03:00: 
2025-11-13 19:25:38 -03:00: > atend-website@0.1.0 build
2025-11-13 19:25:38 -03:00: > next build
2025-11-13 19:25:38 -03:00: 
2025-11-13 19:25:40 -03:00:    ▲ Next.js 16.0.3 (Turbopack)
2025-11-13 19:25:40 -03:00: 
2025-11-13 19:25:40 -03:00:    Creating an optimized production build ...
2025-11-13 19:25:45 -03:00:  ✓ Compiled successfully in 4.4s
2025-11-13 19:25:45 -03:00:    Running TypeScript ...
2025-11-13 19:25:49 -03:00:    Collecting page data using 11 workers ...
2025-11-13 19:25:50 -03:00:    Generating static pages using 11 workers (0/5) ...
2025-11-13 19:25:51 -03:00:    Generating static pages using 11 workers (1/5) 
2025-11-13 19:25:51 -03:00:    Generating static pages using 11 workers (2/5) 
2025-11-13 19:25:51 -03:00:    Generating static pages using 11 workers (3/5) 
2025-11-13 19:25:51 -03:00:  ✓ Generating static pages using 11 workers (5/5) in 984.4ms
2025-11-13 19:25:51 -03:00:    Finalizing page optimization ...
2025-11-13 19:25:51 -03:00: 
2025-11-13 19:25:51 -03:00: Route (app)
2025-11-13 19:25:51 -03:00: ┌ ○ /
2025-11-13 19:25:51 -03:00: ├ ○ /_not-found
2025-11-13 19:25:51 -03:00: ├ ○ /home
2025-11-13 19:25:51 -03:00: └ ○ /icon.png
2025-11-13 19:25:51 -03:00: 
2025-11-13 19:25:51 -03:00: 
2025-11-13 19:25:51 -03:00: ○  (Static)  prerendered as static content
2025-11-13 19:25:51 -03:00: 
2025-11-13 19:25:51 -03:00: 
2025-11-13 19:25:51 -03:00: > atend-website@0.1.0 start
2025-11-13 19:25:51 -03:00: > next start
2025-11-13 19:25:51 -03:00: 
2025-11-13 19:25:52 -03:00:    ▲ Next.js 16.0.3
2025-11-13 19:25:52 -03:00:    - Local:         http://localhost:3000
2025-11-13 19:25:52 -03:00:    - Network:       http://192.168.1.4:3000
2025-11-13 19:25:52 -03:00: 
2025-11-13 19:25:52 -03:00:  ✓ Starting...
2025-11-13 19:25:52 -03:00:  ✓ Ready in 377ms
2025-11-13 19:29:35 -03:00: 
2025-11-13 19:29:35 -03:00: > atend-website@0.1.0 start:pm2
2025-11-13 19:29:35 -03:00: > npm i && npm run build && npm start
2025-11-13 19:29:35 -03:00: 
2025-11-13 19:29:36 -03:00: 
2025-11-13 19:29:36 -03:00: up to date, audited 392 packages in 793ms
2025-11-13 19:29:36 -03:00: 
2025-11-13 19:29:36 -03:00: 147 packages are looking for funding
2025-11-13 19:29:36 -03:00:   run `npm fund` for details
2025-11-13 19:29:36 -03:00: 
2025-11-13 19:29:36 -03:00: found 0 vulnerabilities
2025-11-13 19:29:36 -03:00: 
2025-11-13 19:29:36 -03:00: > atend-website@0.1.0 build
2025-11-13 19:29:36 -03:00: > next build
2025-11-13 19:29:36 -03:00: 
2025-11-13 19:29:38 -03:00:    ▲ Next.js 16.0.3 (Turbopack)
2025-11-13 19:29:38 -03:00: 
2025-11-13 19:29:38 -03:00:    Creating an optimized production build ...
2025-11-13 19:29:43 -03:00:  ✓ Compiled successfully in 4.7s
2025-11-13 19:29:43 -03:00:    Running TypeScript ...
2025-11-13 19:29:47 -03:00:    Collecting page data using 11 workers ...
2025-11-13 19:29:48 -03:00:    Generating static pages using 11 workers (0/5) ...
2025-11-13 19:29:49 -03:00:    Generating static pages using 11 workers (1/5) 
2025-11-13 19:29:49 -03:00:    Generating static pages using 11 workers (2/5) 
2025-11-13 19:29:49 -03:00:    Generating static pages using 11 workers (3/5) 
2025-11-13 19:29:49 -03:00:  ✓ Generating static pages using 11 workers (5/5) in 1018.4ms
2025-11-13 19:29:49 -03:00:    Finalizing page optimization ...
2025-11-13 19:29:49 -03:00: 
2025-11-13 19:29:49 -03:00: Route (app)
2025-11-13 19:29:49 -03:00: ┌ ○ /
2025-11-13 19:29:49 -03:00: ├ ○ /_not-found
2025-11-13 19:29:49 -03:00: ├ ○ /home
2025-11-13 19:29:49 -03:00: └ ○ /icon.png
2025-11-13 19:29:49 -03:00: 
2025-11-13 19:29:49 -03:00: 
2025-11-13 19:29:49 -03:00: ○  (Static)  prerendered as static content
2025-11-13 19:29:49 -03:00: 
2025-11-13 19:29:49 -03:00: 
2025-11-13 19:29:49 -03:00: > atend-website@0.1.0 start
2025-11-13 19:29:49 -03:00: > next start
2025-11-13 19:29:49 -03:00: 
2025-11-13 19:29:50 -03:00:    ▲ Next.js 16.0.3
2025-11-13 19:29:50 -03:00:    - Local:         http://localhost:3000
2025-11-13 19:29:50 -03:00:    - Network:       http://192.168.1.4:3000
2025-11-13 19:29:50 -03:00: 
2025-11-13 19:29:50 -03:00:  ✓ Starting...
2025-11-13 19:29:50 -03:00:  ✓ Ready in 357ms
