2025-11-13 21:45:06 -03:00: Failed to compile.
2025-11-13 21:45:06 -03:00: 
2025-11-13 21:45:06 -03:00: ./node_modules/next/index.d.ts:19:10
2025-11-13 21:45:06 -03:00: Type error: 'from' expected.
2025-11-13 21:45:06 -03:00: 
2025-11-13 21:45:06 -03:00: [0m [90m 17 |[39m
2025-11-13 21:45:06 -03:00:  [90m 18 |[39m [36mexport[39m { [36mdefault[39m } [36mfrom[39m [32m'next/typespes'[39m
2025-11-13 21:45:06 -03:00: [31m[1m>[22m[39m[90m 19 |[39m [36mexport[39m [33m*[39m fronext[33m/[39mtypes[33m/[39mtypes[32m'[39m
2025-11-13 21:45:06 -03:00:  [90m    |[39m          [31m[1m^[22m[39m
2025-11-13 21:45:06 -03:00:  [90m 20 |[39m[0m
2025-11-13 21:45:06 -03:00: Next.js build worker exited with code: 1 and signal: null
2025-11-13 21:45:14 -03:00: Failed to compile.
2025-11-13 21:45:14 -03:00: 
2025-11-13 21:45:14 -03:00: ./node_modules/next/index.d.ts:19:10
2025-11-13 21:45:14 -03:00: Type error: 'from' expected.
2025-11-13 21:45:14 -03:00: 
2025-11-13 21:45:14 -03:00: [0m [90m 17 |[39m
2025-11-13 21:45:14 -03:00:  [90m 18 |[39m [36mexport[39m { [36mdefault[39m } [36mfrom[39m [32m'next/typespes'[39m
2025-11-13 21:45:14 -03:00: [31m[1m>[22m[39m[90m 19 |[39m [36mexport[39m [33m*[39m fronext[33m/[39mtypes[33m/[39mtypes[32m'[39m
2025-11-13 21:45:14 -03:00:  [90m    |[39m          [31m[1m^[22m[39m
2025-11-13 21:45:14 -03:00:  [90m 20 |[39m[0m
2025-11-13 21:45:14 -03:00: Next.js build worker exited with code: 1 and signal: null
2025-11-13 21:45:32 -03:00: Failed to compile.
2025-11-13 21:45:32 -03:00: 
2025-11-13 21:45:32 -03:00: ./node_modules/next/index.d.ts:19:10
2025-11-13 21:45:32 -03:00: Type error: 'from' expected.
2025-11-13 21:45:32 -03:00: 
2025-11-13 21:45:32 -03:00: [0m [90m 17 |[39m
2025-11-13 21:45:32 -03:00:  [90m 18 |[39m [36mexport[39m { [36mdefault[39m } [36mfrom[39m [32m'next/typespes'[39m
2025-11-13 21:45:32 -03:00: [31m[1m>[22m[39m[90m 19 |[39m [36mexport[39m [33m*[39m fronext[33m/[39mtypes[33m/[39mtypes[32m'[39m
2025-11-13 21:45:32 -03:00:  [90m    |[39m          [31m[1m^[22m[39m
2025-11-13 21:45:32 -03:00:  [90m 20 |[39m[0m
2025-11-13 21:45:32 -03:00: Next.js build worker exited with code: 1 and signal: null
2025-11-13 21:45:41 -03:00: Failed to compile.
2025-11-13 21:45:41 -03:00: 
2025-11-13 21:45:41 -03:00: ./node_modules/next/index.d.ts:19:10
2025-11-13 21:45:41 -03:00: Type error: 'from' expected.
2025-11-13 21:45:41 -03:00: 
2025-11-13 21:45:41 -03:00: [0m [90m 17 |[39m
2025-11-13 21:45:41 -03:00:  [90m 18 |[39m [36mexport[39m { [36mdefault[39m } [36mfrom[39m [32m'next/typespes'[39m
2025-11-13 21:45:41 -03:00: [31m[1m>[22m[39m[90m 19 |[39m [36mexport[39m [33m*[39m fronext[33m/[39mtypes[33m/[39mtypes[32m'[39m
2025-11-13 21:45:41 -03:00:  [90m    |[39m          [31m[1m^[22m[39m
2025-11-13 21:45:41 -03:00:  [90m 20 |[39m[0m
2025-11-13 21:45:41 -03:00: Next.js build worker exited with code: 1 and signal: null
2025-11-13 21:45:48 -03:00: Failed to compile.
2025-11-13 21:45:48 -03:00: 
2025-11-13 21:45:48 -03:00: ./node_modules/next/index.d.ts:19:10
2025-11-13 21:45:48 -03:00: Type error: 'from' expected.
2025-11-13 21:45:48 -03:00: 
2025-11-13 21:45:48 -03:00: [0m [90m 17 |[39m
2025-11-13 21:45:48 -03:00:  [90m 18 |[39m [36mexport[39m { [36mdefault[39m } [36mfrom[39m [32m'next/typespes'[39m
2025-11-13 21:45:48 -03:00: [31m[1m>[22m[39m[90m 19 |[39m [36mexport[39m [33m*[39m fronext[33m/[39mtypes[33m/[39mtypes[32m'[39m
2025-11-13 21:45:48 -03:00:  [90m    |[39m          [31m[1m^[22m[39m
2025-11-13 21:45:48 -03:00:  [90m 20 |[39m[0m
2025-11-13 21:45:48 -03:00: Next.js build worker exited with code: 1 and signal: null
2025-11-13 21:45:57 -03:00: Failed to compile.
2025-11-13 21:45:57 -03:00: 
2025-11-13 21:45:57 -03:00: ./node_modules/next/index.d.ts:19:10
2025-11-13 21:45:57 -03:00: Type error: 'from' expected.
2025-11-13 21:45:57 -03:00: 
2025-11-13 21:45:57 -03:00: [0m [90m 17 |[39m
2025-11-13 21:45:57 -03:00:  [90m 18 |[39m [36mexport[39m { [36mdefault[39m } [36mfrom[39m [32m'next/typespes'[39m
2025-11-13 21:45:57 -03:00: [31m[1m>[22m[39m[90m 19 |[39m [36mexport[39m [33m*[39m fronext[33m/[39mtypes[33m/[39mtypes[32m'[39m
2025-11-13 21:45:57 -03:00:  [90m    |[39m          [31m[1m^[22m[39m
2025-11-13 21:45:57 -03:00:  [90m 20 |[39m[0m
2025-11-13 21:45:57 -03:00: Next.js build worker exited with code: 1 and signal: null
2025-11-13 21:46:05 -03:00: Failed to compile.
2025-11-13 21:46:05 -03:00: 
2025-11-13 21:46:05 -03:00: ./node_modules/next/index.d.ts:19:10
2025-11-13 21:46:05 -03:00: Type error: 'from' expected.
2025-11-13 21:46:05 -03:00: 
2025-11-13 21:46:05 -03:00: [0m [90m 17 |[39m
2025-11-13 21:46:05 -03:00:  [90m 18 |[39m [36mexport[39m { [36mdefault[39m } [36mfrom[39m [32m'next/typespes'[39m
2025-11-13 21:46:05 -03:00: [31m[1m>[22m[39m[90m 19 |[39m [36mexport[39m [33m*[39m fronext[33m/[39mtypes[33m/[39mtypes[32m'[39m
2025-11-13 21:46:05 -03:00:  [90m    |[39m          [31m[1m^[22m[39m
2025-11-13 21:46:05 -03:00:  [90m 20 |[39m[0m
2025-11-13 21:46:05 -03:00: Next.js build worker exited with code: 1 and signal: null
2025-11-13 21:46:12 -03:00: Failed to compile.
2025-11-13 21:46:12 -03:00: 
2025-11-13 21:46:12 -03:00: ./node_modules/next/index.d.ts:19:10
2025-11-13 21:46:12 -03:00: Type error: 'from' expected.
2025-11-13 21:46:12 -03:00: 
2025-11-13 21:46:12 -03:00: [0m [90m 17 |[39m
2025-11-13 21:46:12 -03:00:  [90m 18 |[39m [36mexport[39m { [36mdefault[39m } [36mfrom[39m [32m'next/typespes'[39m
2025-11-13 21:46:12 -03:00: [31m[1m>[22m[39m[90m 19 |[39m [36mexport[39m [33m*[39m fronext[33m/[39mtypes[33m/[39mtypes[32m'[39m
2025-11-13 21:46:12 -03:00:  [90m    |[39m          [31m[1m^[22m[39m
2025-11-13 21:46:12 -03:00:  [90m 20 |[39m[0m
2025-11-13 21:46:12 -03:00: Next.js build worker exited with code: 1 and signal: null
2025-11-13 21:46:19 -03:00: Failed to compile.
2025-11-13 21:46:19 -03:00: 
2025-11-13 21:46:19 -03:00: ./node_modules/next/index.d.ts:19:10
2025-11-13 21:46:19 -03:00: Type error: 'from' expected.
2025-11-13 21:46:19 -03:00: 
2025-11-13 21:46:19 -03:00: [0m [90m 17 |[39m
2025-11-13 21:46:19 -03:00:  [90m 18 |[39m [36mexport[39m { [36mdefault[39m } [36mfrom[39m [32m'next/typespes'[39m
2025-11-13 21:46:19 -03:00: [31m[1m>[22m[39m[90m 19 |[39m [36mexport[39m [33m*[39m fronext[33m/[39mtypes[33m/[39mtypes[32m'[39m
2025-11-13 21:46:19 -03:00:  [90m    |[39m          [31m[1m^[22m[39m
2025-11-13 21:46:19 -03:00:  [90m 20 |[39m[0m
2025-11-13 21:46:19 -03:00: Next.js build worker exited with code: 1 and signal: null
2025-11-13 21:46:27 -03:00: Failed to compile.
2025-11-13 21:46:27 -03:00: 
2025-11-13 21:46:27 -03:00: ./node_modules/next/index.d.ts:19:10
2025-11-13 21:46:27 -03:00: Type error: 'from' expected.
2025-11-13 21:46:27 -03:00: 
2025-11-13 21:46:27 -03:00: [0m [90m 17 |[39m
2025-11-13 21:46:27 -03:00:  [90m 18 |[39m [36mexport[39m { [36mdefault[39m } [36mfrom[39m [32m'next/typespes'[39m
2025-11-13 21:46:27 -03:00: [31m[1m>[22m[39m[90m 19 |[39m [36mexport[39m [33m*[39m fronext[33m/[39mtypes[33m/[39mtypes[32m'[39m
2025-11-13 21:46:27 -03:00:  [90m    |[39m          [31m[1m^[22m[39m
2025-11-13 21:46:27 -03:00:  [90m 20 |[39m[0m
2025-11-13 21:46:27 -03:00: Next.js build worker exited with code: 1 and signal: null
2025-11-13 21:46:35 -03:00: Failed to compile.
2025-11-13 21:46:35 -03:00: 
2025-11-13 21:46:35 -03:00: ./node_modules/next/index.d.ts:19:10
2025-11-13 21:46:35 -03:00: Type error: 'from' expected.
2025-11-13 21:46:35 -03:00: 
2025-11-13 21:46:35 -03:00: [0m [90m 17 |[39m
2025-11-13 21:46:35 -03:00:  [90m 18 |[39m [36mexport[39m { [36mdefault[39m } [36mfrom[39m [32m'next/typespes'[39m
2025-11-13 21:46:35 -03:00: [31m[1m>[22m[39m[90m 19 |[39m [36mexport[39m [33m*[39m fronext[33m/[39mtypes[33m/[39mtypes[32m'[39m
2025-11-13 21:46:35 -03:00:  [90m    |[39m          [31m[1m^[22m[39m
2025-11-13 21:46:35 -03:00:  [90m 20 |[39m[0m
2025-11-13 21:46:35 -03:00: Next.js build worker exited with code: 1 and signal: null
2025-11-13 21:46:43 -03:00: Failed to compile.
2025-11-13 21:46:43 -03:00: 
2025-11-13 21:46:43 -03:00: ./node_modules/next/index.d.ts:19:10
2025-11-13 21:46:43 -03:00: Type error: 'from' expected.
2025-11-13 21:46:43 -03:00: 
2025-11-13 21:46:43 -03:00: [0m [90m 17 |[39m
2025-11-13 21:46:43 -03:00:  [90m 18 |[39m [36mexport[39m { [36mdefault[39m } [36mfrom[39m [32m'next/typespes'[39m
2025-11-13 21:46:43 -03:00: [31m[1m>[22m[39m[90m 19 |[39m [36mexport[39m [33m*[39m fronext[33m/[39mtypes[33m/[39mtypes[32m'[39m
2025-11-13 21:46:43 -03:00:  [90m    |[39m          [31m[1m^[22m[39m
2025-11-13 21:46:43 -03:00:  [90m 20 |[39m[0m
2025-11-13 21:46:43 -03:00: Next.js build worker exited with code: 1 and signal: null
2025-11-13 21:48:01 -03:00: Failed to compile.
2025-11-13 21:48:01 -03:00: 
2025-11-13 21:48:01 -03:00: ./node_modules/next/index.d.ts:19:10
2025-11-13 21:48:01 -03:00: Type error: 'from' expected.
2025-11-13 21:48:01 -03:00: 
2025-11-13 21:48:01 -03:00: [0m [90m 17 |[39m
2025-11-13 21:48:01 -03:00:  [90m 18 |[39m [36mexport[39m { [36mdefault[39m } [36mfrom[39m [32m'next/typespes'[39m
2025-11-13 21:48:01 -03:00: [31m[1m>[22m[39m[90m 19 |[39m [36mexport[39m [33m*[39m fronext[33m/[39mtypes[33m/[39mtypes[32m'[39m
2025-11-13 21:48:01 -03:00:  [90m    |[39m          [31m[1m^[22m[39m
2025-11-13 21:48:01 -03:00:  [90m 20 |[39m[0m
2025-11-13 21:48:01 -03:00: Next.js build worker exited with code: 1 and signal: null
2025-11-13 21:48:09 -03:00: Failed to compile.
2025-11-13 21:48:09 -03:00: 
2025-11-13 21:48:09 -03:00: ./node_modules/next/index.d.ts:19:10
2025-11-13 21:48:09 -03:00: Type error: 'from' expected.
2025-11-13 21:48:09 -03:00: 
2025-11-13 21:48:09 -03:00: [0m [90m 17 |[39m
2025-11-13 21:48:09 -03:00:  [90m 18 |[39m [36mexport[39m { [36mdefault[39m } [36mfrom[39m [32m'next/typespes'[39m
2025-11-13 21:48:09 -03:00: [31m[1m>[22m[39m[90m 19 |[39m [36mexport[39m [33m*[39m fronext[33m/[39mtypes[33m/[39mtypes[32m'[39m
2025-11-13 21:48:09 -03:00:  [90m    |[39m          [31m[1m^[22m[39m
2025-11-13 21:48:09 -03:00:  [90m 20 |[39m[0m
2025-11-13 21:48:09 -03:00: Next.js build worker exited with code: 1 and signal: null
2025-11-13 21:48:17 -03:00: Failed to compile.
2025-11-13 21:48:17 -03:00: 
2025-11-13 21:48:17 -03:00: ./node_modules/next/index.d.ts:19:10
2025-11-13 21:48:17 -03:00: Type error: 'from' expected.
2025-11-13 21:48:17 -03:00: 
2025-11-13 21:48:17 -03:00: [0m [90m 17 |[39m
2025-11-13 21:48:17 -03:00:  [90m 18 |[39m [36mexport[39m { [36mdefault[39m } [36mfrom[39m [32m'next/typespes'[39m
2025-11-13 21:48:17 -03:00: [31m[1m>[22m[39m[90m 19 |[39m [36mexport[39m [33m*[39m fronext[33m/[39mtypes[33m/[39mtypes[32m'[39m
2025-11-13 21:48:17 -03:00:  [90m    |[39m          [31m[1m^[22m[39m
2025-11-13 21:48:17 -03:00:  [90m 20 |[39m[0m
2025-11-13 21:48:17 -03:00: Next.js build worker exited with code: 1 and signal: null
2025-11-13 21:48:25 -03:00: Failed to compile.
2025-11-13 21:48:25 -03:00: 
2025-11-13 21:48:25 -03:00: ./node_modules/next/index.d.ts:19:10
2025-11-13 21:48:25 -03:00: Type error: 'from' expected.
2025-11-13 21:48:25 -03:00: 
2025-11-13 21:48:25 -03:00: [0m [90m 17 |[39m
2025-11-13 21:48:25 -03:00:  [90m 18 |[39m [36mexport[39m { [36mdefault[39m } [36mfrom[39m [32m'next/typespes'[39m
2025-11-13 21:48:25 -03:00: [31m[1m>[22m[39m[90m 19 |[39m [36mexport[39m [33m*[39m fronext[33m/[39mtypes[33m/[39mtypes[32m'[39m
2025-11-13 21:48:25 -03:00:  [90m    |[39m          [31m[1m^[22m[39m
2025-11-13 21:48:25 -03:00:  [90m 20 |[39m[0m
2025-11-13 21:48:25 -03:00: Next.js build worker exited with code: 1 and signal: null
2025-11-13 21:48:32 -03:00: Failed to compile.
2025-11-13 21:48:32 -03:00: 
2025-11-13 21:48:32 -03:00: ./node_modules/next/index.d.ts:19:10
2025-11-13 21:48:32 -03:00: Type error: 'from' expected.
2025-11-13 21:48:32 -03:00: 
2025-11-13 21:48:32 -03:00: [0m [90m 17 |[39m
2025-11-13 21:48:32 -03:00:  [90m 18 |[39m [36mexport[39m { [36mdefault[39m } [36mfrom[39m [32m'next/typespes'[39m
2025-11-13 21:48:32 -03:00: [31m[1m>[22m[39m[90m 19 |[39m [36mexport[39m [33m*[39m fronext[33m/[39mtypes[33m/[39mtypes[32m'[39m
2025-11-13 21:48:32 -03:00:  [90m    |[39m          [31m[1m^[22m[39m
2025-11-13 21:48:32 -03:00:  [90m 20 |[39m[0m
2025-11-13 21:48:32 -03:00: Next.js build worker exited with code: 1 and signal: null
2025-11-13 21:48:40 -03:00: Failed to compile.
2025-11-13 21:48:40 -03:00: 
2025-11-13 21:48:40 -03:00: ./node_modules/next/index.d.ts:19:10
2025-11-13 21:48:40 -03:00: Type error: 'from' expected.
2025-11-13 21:48:40 -03:00: 
2025-11-13 21:48:40 -03:00: [0m [90m 17 |[39m
2025-11-13 21:48:40 -03:00:  [90m 18 |[39m [36mexport[39m { [36mdefault[39m } [36mfrom[39m [32m'next/typespes'[39m
2025-11-13 21:48:40 -03:00: [31m[1m>[22m[39m[90m 19 |[39m [36mexport[39m [33m*[39m fronext[33m/[39mtypes[33m/[39mtypes[32m'[39m
2025-11-13 21:48:40 -03:00:  [90m    |[39m          [31m[1m^[22m[39m
2025-11-13 21:48:40 -03:00:  [90m 20 |[39m[0m
2025-11-13 21:48:40 -03:00: Next.js build worker exited with code: 1 and signal: null
2025-11-13 21:48:48 -03:00: Failed to compile.
2025-11-13 21:48:48 -03:00: 
2025-11-13 21:48:48 -03:00: ./node_modules/next/index.d.ts:19:10
2025-11-13 21:48:48 -03:00: Type error: 'from' expected.
2025-11-13 21:48:48 -03:00: 
2025-11-13 21:48:48 -03:00: [0m [90m 17 |[39m
2025-11-13 21:48:48 -03:00:  [90m 18 |[39m [36mexport[39m { [36mdefault[39m } [36mfrom[39m [32m'next/typespes'[39m
2025-11-13 21:48:48 -03:00: [31m[1m>[22m[39m[90m 19 |[39m [36mexport[39m [33m*[39m fronext[33m/[39mtypes[33m/[39mtypes[32m'[39m
2025-11-13 21:48:48 -03:00:  [90m    |[39m          [31m[1m^[22m[39m
2025-11-13 21:48:48 -03:00:  [90m 20 |[39m[0m
2025-11-13 21:48:48 -03:00: Next.js build worker exited with code: 1 and signal: null
2025-11-13 21:48:56 -03:00: Failed to compile.
2025-11-13 21:48:56 -03:00: 
2025-11-13 21:48:56 -03:00: ./node_modules/next/index.d.ts:19:10
2025-11-13 21:48:56 -03:00: Type error: 'from' expected.
2025-11-13 21:48:56 -03:00: 
2025-11-13 21:48:56 -03:00: [0m [90m 17 |[39m
2025-11-13 21:48:56 -03:00:  [90m 18 |[39m [36mexport[39m { [36mdefault[39m } [36mfrom[39m [32m'next/typespes'[39m
2025-11-13 21:48:56 -03:00: [31m[1m>[22m[39m[90m 19 |[39m [36mexport[39m [33m*[39m fronext[33m/[39mtypes[33m/[39mtypes[32m'[39m
2025-11-13 21:48:56 -03:00:  [90m    |[39m          [31m[1m^[22m[39m
2025-11-13 21:48:56 -03:00:  [90m 20 |[39m[0m
2025-11-13 21:48:56 -03:00: Next.js build worker exited with code: 1 and signal: null
2025-11-13 21:49:04 -03:00: Failed to compile.
2025-11-13 21:49:04 -03:00: 
2025-11-13 21:49:04 -03:00: ./node_modules/next/index.d.ts:19:10
2025-11-13 21:49:04 -03:00: Type error: 'from' expected.
2025-11-13 21:49:04 -03:00: 
2025-11-13 21:49:04 -03:00: [0m [90m 17 |[39m
2025-11-13 21:49:04 -03:00:  [90m 18 |[39m [36mexport[39m { [36mdefault[39m } [36mfrom[39m [32m'next/typespes'[39m
2025-11-13 21:49:04 -03:00: [31m[1m>[22m[39m[90m 19 |[39m [36mexport[39m [33m*[39m fronext[33m/[39mtypes[33m/[39mtypes[32m'[39m
2025-11-13 21:49:04 -03:00:  [90m    |[39m          [31m[1m^[22m[39m
2025-11-13 21:49:04 -03:00:  [90m 20 |[39m[0m
2025-11-13 21:49:04 -03:00: Next.js build worker exited with code: 1 and signal: null
2025-11-13 21:49:11 -03:00: Failed to compile.
2025-11-13 21:49:11 -03:00: 
2025-11-13 21:49:11 -03:00: ./node_modules/next/index.d.ts:19:10
2025-11-13 21:49:11 -03:00: Type error: 'from' expected.
2025-11-13 21:49:11 -03:00: 
2025-11-13 21:49:11 -03:00: [0m [90m 17 |[39m
2025-11-13 21:49:11 -03:00:  [90m 18 |[39m [36mexport[39m { [36mdefault[39m } [36mfrom[39m [32m'next/typespes'[39m
2025-11-13 21:49:11 -03:00: [31m[1m>[22m[39m[90m 19 |[39m [36mexport[39m [33m*[39m fronext[33m/[39mtypes[33m/[39mtypes[32m'[39m
2025-11-13 21:49:11 -03:00:  [90m    |[39m          [31m[1m^[22m[39m
2025-11-13 21:49:11 -03:00:  [90m 20 |[39m[0m
2025-11-13 21:49:11 -03:00: Next.js build worker exited with code: 1 and signal: null
2025-11-13 21:49:38 -03:00: Failed to compile.
2025-11-13 21:49:38 -03:00: 
2025-11-13 21:49:38 -03:00: ./node_modules/next/index.d.ts:19:10
2025-11-13 21:49:38 -03:00: Type error: 'from' expected.
2025-11-13 21:49:38 -03:00: 
2025-11-13 21:49:38 -03:00: [0m [90m 17 |[39m
2025-11-13 21:49:38 -03:00:  [90m 18 |[39m [36mexport[39m { [36mdefault[39m } [36mfrom[39m [32m'next/typespes'[39m
2025-11-13 21:49:38 -03:00: [31m[1m>[22m[39m[90m 19 |[39m [36mexport[39m [33m*[39m fronext[33m/[39mtypes[33m/[39mtypes[32m'[39m
2025-11-13 21:49:38 -03:00:  [90m    |[39m          [31m[1m^[22m[39m
2025-11-13 21:49:38 -03:00:  [90m 20 |[39m[0m
2025-11-13 21:49:38 -03:00: Next.js build worker exited with code: 1 and signal: null
2025-11-13 21:49:47 -03:00: Failed to compile.
2025-11-13 21:49:47 -03:00: 
2025-11-13 21:49:47 -03:00: ./node_modules/next/index.d.ts:19:10
2025-11-13 21:49:47 -03:00: Type error: 'from' expected.
2025-11-13 21:49:47 -03:00: 
2025-11-13 21:49:47 -03:00: [0m [90m 17 |[39m
2025-11-13 21:49:47 -03:00:  [90m 18 |[39m [36mexport[39m { [36mdefault[39m } [36mfrom[39m [32m'next/typespes'[39m
2025-11-13 21:49:47 -03:00: [31m[1m>[22m[39m[90m 19 |[39m [36mexport[39m [33m*[39m fronext[33m/[39mtypes[33m/[39mtypes[32m'[39m
2025-11-13 21:49:47 -03:00:  [90m    |[39m          [31m[1m^[22m[39m
2025-11-13 21:49:47 -03:00:  [90m 20 |[39m[0m
2025-11-13 21:49:47 -03:00: Next.js build worker exited with code: 1 and signal: null
2025-11-13 21:49:56 -03:00: Failed to compile.
2025-11-13 21:49:56 -03:00: 
2025-11-13 21:49:56 -03:00: ./node_modules/next/index.d.ts:19:10
2025-11-13 21:49:56 -03:00: Type error: 'from' expected.
2025-11-13 21:49:56 -03:00: 
2025-11-13 21:49:56 -03:00: [0m [90m 17 |[39m
2025-11-13 21:49:56 -03:00:  [90m 18 |[39m [36mexport[39m { [36mdefault[39m } [36mfrom[39m [32m'next/typespes'[39m
2025-11-13 21:49:56 -03:00: [31m[1m>[22m[39m[90m 19 |[39m [36mexport[39m [33m*[39m fronext[33m/[39mtypes[33m/[39mtypes[32m'[39m
2025-11-13 21:49:56 -03:00:  [90m    |[39m          [31m[1m^[22m[39m
2025-11-13 21:49:56 -03:00:  [90m 20 |[39m[0m
2025-11-13 21:49:56 -03:00: Next.js build worker exited with code: 1 and signal: null
2025-11-13 21:50:04 -03:00: Failed to compile.
2025-11-13 21:50:04 -03:00: 
2025-11-13 21:50:04 -03:00: ./node_modules/next/index.d.ts:19:10
2025-11-13 21:50:04 -03:00: Type error: 'from' expected.
2025-11-13 21:50:04 -03:00: 
2025-11-13 21:50:04 -03:00: [0m [90m 17 |[39m
2025-11-13 21:50:04 -03:00:  [90m 18 |[39m [36mexport[39m { [36mdefault[39m } [36mfrom[39m [32m'next/typespes'[39m
2025-11-13 21:50:04 -03:00: [31m[1m>[22m[39m[90m 19 |[39m [36mexport[39m [33m*[39m fronext[33m/[39mtypes[33m/[39mtypes[32m'[39m
2025-11-13 21:50:04 -03:00:  [90m    |[39m          [31m[1m^[22m[39m
2025-11-13 21:50:04 -03:00:  [90m 20 |[39m[0m
2025-11-13 21:50:04 -03:00: Next.js build worker exited with code: 1 and signal: null
2025-11-13 21:50:10 -03:00: 
2025-11-13 21:50:10 -03:00: > Build error occurred
2025-11-13 21:50:10 -03:00: Error: Cannot find module '../lib/verify-typescript-setup'
2025-11-13 21:50:10 -03:00: Require stack:
2025-11-13 21:50:10 -03:00: - /home/biel/Documentos/workspace/atend-web/ironblock-web/node_modules/next/dist/build/type-check.js
2025-11-13 21:50:10 -03:00: - /home/biel/Documentos/workspace/atend-web/ironblock-web/node_modules/next/dist/build/index.js
2025-11-13 21:50:10 -03:00: - /home/biel/Documentos/workspace/atend-web/ironblock-web/node_modules/next/dist/cli/next-build.js
2025-11-13 21:50:10 -03:00:     at ignore-listed frames {
2025-11-13 21:50:10 -03:00:   code: 'MODULE_NOT_FOUND',
2025-11-13 21:50:10 -03:00:   requireStack: [Array]
2025-11-13 21:50:10 -03:00: }
2025-11-13 21:51:17 -03:00:  тип The requested resource isn't a valid image for /images/atend-logo.png received null
2025-11-13 21:53:11 -03:00:  тип The requested resource isn't a valid image for /images/atend-logo.png received null
